Microsoft (R) Macro Assembler Version 14.00.24210.0	    03/20/17 20:13:05
Anaeki3.asm						     Page 1 - 1


				COMMENT $Student: Jerome Anaeki 
				Class: CSC 3210 
				Assignment#: 4, Part 3
				Description: This program computes the expression: z = -x + 6 - y + 17, where x, y and z 
				are 16-bit integer variables.$

				.386
				.model flat,stdcall
				.stack 4096
				ExitProcess proto,dwExitCode:dword

 00000000			.data
 00000000 0000			x SWORD 0
 00000002 000A			y WORD 10
 00000004  00000004 [		z WORD 4 DUP(?)
	    0000
	   ]

 00000000			.code
 00000000			main proc
 00000000  BE 00000000			mov esi,0				;ESI points to first position of z list
 00000005  B9 00000004			mov ecx,LENGTHOF z		;ECX=4
 0000000A				L1:						;label for loop
 0000000A  66| FF 05			inc x					;increments the current value of x
	   00000000 R
 00000011  66| A1			mov ax,x				;moves value of x into AX
	   00000000 R
 00000017  66| F7 D8			neg ax					;negates AX
 0000001A  66| 83 C0 06			add ax,6				;adds 6 to value in AX
 0000001E  66| 2B 05			sub ax,y				;subtracts 10 from value in AX
	   00000002 R
 00000025  66| 83 C0 11			add ax,17				;adds 17 to value in AX
 00000029  66| 89 86			mov z[esi],ax			;moves value of AX to current position of z list
	   00000004 R
 00000030  83 C6 02			add esi,TYPE z			;ESI points to next position in z list
 00000033  E2 D5			loop L1					;decrements ECX, then compares to zero

					invoke ExitProcess,0
 00000035  6A 00	   *	    push   +000000000h
 00000037  E8 00000000 E   *	    call   ExitProcess
 0000003C			main endp
				end main
Microsoft (R) Macro Assembler Version 14.00.24210.0	    03/20/17 20:13:05
Anaeki3.asm						     Symbols 2 - 1




Segments and Groups:

                N a m e                 Size     Length   Align   Combine Class

FLAT . . . . . . . . . . . . . .	GROUP
STACK  . . . . . . . . . . . . .	32 Bit	 00001000 DWord	  Stack	  'STACK'	 
_DATA  . . . . . . . . . . . . .	32 Bit	 0000000C DWord	  Public  'DATA'	
_TEXT  . . . . . . . . . . . . .	32 Bit	 0000003C DWord	  Public  'CODE'	


Procedures, parameters, and locals:

                N a m e                 Type     Value    Attr

ExitProcess  . . . . . . . . . .	P Near	 00000000 FLAT	Length= 00000000 External STDCALL
main . . . . . . . . . . . . . .	P Near	 00000000 _TEXT	Length= 0000003C Public STDCALL
  L1 . . . . . . . . . . . . . .	L Near	 0000000A _TEXT	


Symbols:

                N a m e                 Type     Value    Attr

@CodeSize  . . . . . . . . . . .	Number	 00000000h   
@DataSize  . . . . . . . . . . .	Number	 00000000h   
@Interface . . . . . . . . . . .	Number	 00000003h   
@Model . . . . . . . . . . . . .	Number	 00000007h   
@code  . . . . . . . . . . . . .	Text   	 _TEXT
@data  . . . . . . . . . . . . .	Text   	 FLAT
@fardata?  . . . . . . . . . . .	Text   	 FLAT
@fardata . . . . . . . . . . . .	Text   	 FLAT
@stack . . . . . . . . . . . . .	Text   	 FLAT
x  . . . . . . . . . . . . . . .	Word	 00000000 _DATA	
y  . . . . . . . . . . . . . . .	Word	 00000002 _DATA	
z  . . . . . . . . . . . . . . .	Word	 00000004 _DATA	

	   0 Warnings
	   0 Errors
