Microsoft (R) Macro Assembler Version 14.00.24210.0
Anaeki1.asm						     Page 1 - 1


				COMMENT $Student: Jerome Anaeki 
				Class: CSC 3210 Assignment: 3, Part 1 
				Description: This program adds 3 to the EAX register and adds 8 to the EDX register to demonstrate 
				a difference in the machine code between the two.$

				.386
				.model flat,stdcall
				.stack 4096
				ExitProcess proto,dwExitCode:dword

 00000000			.code
 00000000			main proc
 00000000  83 C0 03			add	eax,3	;adds 3 to EAX register	
 00000003  83 C2 08			add	edx,8	;adds 8 to EDX register	

					invoke ExitProcess,0
 00000006  6A 00	   *	    push   +000000000h
 00000008  E8 00000000 E   *	    call   ExitProcess
 0000000D			main endp
				end main
Microsoft (R) Macro Assembler Version 14.00.24210.0
Anaeki1.asm						     Symbols 2 - 1




Segments and Groups:

                N a m e                 Size     Length   Align   Combine Class

FLAT . . . . . . . . . . . . . .	GROUP
STACK  . . . . . . . . . . . . .	32 Bit	 00001000 DWord	  Stack	  'STACK'	 
_DATA  . . . . . . . . . . . . .	32 Bit	 00000000 DWord	  Public  'DATA'	
_TEXT  . . . . . . . . . . . . .	32 Bit	 0000000D DWord	  Public  'CODE'	


Procedures, parameters, and locals:

                N a m e                 Type     Value    Attr

ExitProcess  . . . . . . . . . .	P Near	 00000000 FLAT	Length= 00000000 External STDCALL
main . . . . . . . . . . . . . .	P Near	 00000000 _TEXT	Length= 0000000D Public STDCALL


Symbols:

                N a m e                 Type     Value    Attr

@CodeSize  . . . . . . . . . . .	Number	 00000000h   
@DataSize  . . . . . . . . . . .	Number	 00000000h   
@Interface . . . . . . . . . . .	Number	 00000003h   
@Model . . . . . . . . . . . . .	Number	 00000007h   
@code  . . . . . . . . . . . . .	Text   	 _TEXT
@data  . . . . . . . . . . . . .	Text   	 FLAT
@fardata?  . . . . . . . . . . .	Text   	 FLAT
@fardata . . . . . . . . . . . .	Text   	 FLAT
@stack . . . . . . . . . . . . .	Text   	 FLAT

	   0 Warnings
	   0 Errors
