Microsoft (R) Macro Assembler Version 14.00.24210.0	    03/20/17 18:20:55
AddTwo.asm						     Page 1 - 1


				; AddTwo.asm - adds two 32-bit integers.
				; Chapter 3 example

				.386
				.model flat,stdcall
				.stack 4096
				ExitProcess proto,dwExitCode:dword

 00000000			.data
 00000000			value QWORD 0102030405060708h
	   0102030405060708

 00000000			.code
 00000000			main proc
 00000000  A0 00000007 R		mov al,BYTE PTR [value+7]	;AL=01h
 00000005  02 05 00000006 R		add al,BYTE PTR [value+6]	;AL=03h
 0000000B  02 05 00000005 R		add al,BYTE PTR [value+5]	;AL=06h
 00000011  02 05 00000004 R		add al,BYTE PTR [value+4]	;AL=0Ah
 00000017  02 05 00000003 R		add al,BYTE PTR [value+3]	;AL=0Fh
 0000001D  02 05 00000002 R		add al,BYTE PTR [value+2]	;AL=15h
 00000023  02 05 00000001 R		add al,BYTE PTR [value+1]	;AL=1Ch
 00000029  02 05 00000000 R		add al,BYTE PTR value		;AL=24h			

					invoke ExitProcess,0
 0000002F  6A 00	   *	    push   +000000000h
 00000031  E8 00000000 E   *	    call   ExitProcess
 00000036			main endp
				end main
Microsoft (R) Macro Assembler Version 14.00.24210.0	    03/20/17 18:20:55
AddTwo.asm						     Symbols 2 - 1




Segments and Groups:

                N a m e                 Size     Length   Align   Combine Class

FLAT . . . . . . . . . . . . . .	GROUP
STACK  . . . . . . . . . . . . .	32 Bit	 00001000 DWord	  Stack	  'STACK'	 
_DATA  . . . . . . . . . . . . .	32 Bit	 00000008 DWord	  Public  'DATA'	
_TEXT  . . . . . . . . . . . . .	32 Bit	 00000036 DWord	  Public  'CODE'	


Procedures, parameters, and locals:

                N a m e                 Type     Value    Attr

ExitProcess  . . . . . . . . . .	P Near	 00000000 FLAT	Length= 00000000 External STDCALL
main . . . . . . . . . . . . . .	P Near	 00000000 _TEXT	Length= 00000036 Public STDCALL


Symbols:

                N a m e                 Type     Value    Attr

@CodeSize  . . . . . . . . . . .	Number	 00000000h   
@DataSize  . . . . . . . . . . .	Number	 00000000h   
@Interface . . . . . . . . . . .	Number	 00000003h   
@Model . . . . . . . . . . . . .	Number	 00000007h   
@code  . . . . . . . . . . . . .	Text   	 _TEXT
@data  . . . . . . . . . . . . .	Text   	 FLAT
@fardata?  . . . . . . . . . . .	Text   	 FLAT
@fardata . . . . . . . . . . . .	Text   	 FLAT
@stack . . . . . . . . . . . . .	Text   	 FLAT
value  . . . . . . . . . . . . .	QWord	 00000000 _DATA	

	   0 Warnings
	   0 Errors
